2021-02-10 14:39:00,606 DEBUG    root            Loaded Command Group: ['gcloud', 'components']
2021-02-10 14:39:00,611 DEBUG    root            Loaded Command Group: ['gcloud', 'components', 'update']
2021-02-10 14:39:00,614 DEBUG    root            Running [gcloud.components.update] with arguments: [--allow-no-backup: "True", --quiet: "True", COMPONENT-IDS:7: "['core', 'gcloud-deps', 'bq', 'gcloud', 'gsutil', 'anthoscli', 'kuberun']"]
2021-02-10 14:39:00,619 INFO     ___FILE_ONLY___ Beginning update. This process may take several minutes.

2021-02-10 14:39:12,688 INFO     ___FILE_ONLY___ 

2021-02-10 14:39:12,688 INFO     ___FILE_ONLY___ 
Your current Cloud SDK version is: 327.0.0

2021-02-10 14:39:12,688 INFO     ___FILE_ONLY___ Installing components from version: 327.0.0

2021-02-10 14:39:12,688 INFO     ___FILE_ONLY___ 

2021-02-10 14:39:12,854 INFO     ___FILE_ONLY___ ┌─────────────────────────────────────────────────────────────────────────────┐
2021-02-10 14:39:12,855 INFO     ___FILE_ONLY___ 

2021-02-10 14:39:12,855 INFO     ___FILE_ONLY___ │                     These components will be installed.                     │
2021-02-10 14:39:12,855 INFO     ___FILE_ONLY___ 

2021-02-10 14:39:12,855 INFO     ___FILE_ONLY___ ├─────────────────────────────────────────────────────┬────────────┬──────────┤
2021-02-10 14:39:12,855 INFO     ___FILE_ONLY___ 

2021-02-10 14:39:12,855 INFO     ___FILE_ONLY___ │                         Name                        │  Version   │   Size   │
2021-02-10 14:39:12,855 INFO     ___FILE_ONLY___ 

2021-02-10 14:39:12,855 INFO     ___FILE_ONLY___ ├─────────────────────────────────────────────────────┼────────────┼──────────┤
2021-02-10 14:39:12,855 INFO     ___FILE_ONLY___ 

2021-02-10 14:39:12,855 INFO     ___FILE_ONLY___ │ 
2021-02-10 14:39:12,855 INFO     ___FILE_ONLY___ BigQuery Command Line Tool                         
2021-02-10 14:39:12,856 INFO     ___FILE_ONLY___  
2021-02-10 14:39:12,856 INFO     ___FILE_ONLY___ │ 
2021-02-10 14:39:12,856 INFO     ___FILE_ONLY___     2.0.64
2021-02-10 14:39:12,856 INFO     ___FILE_ONLY___  
2021-02-10 14:39:12,856 INFO     ___FILE_ONLY___ │ 
2021-02-10 14:39:12,856 INFO     ___FILE_ONLY___  < 1 MiB
2021-02-10 14:39:12,856 INFO     ___FILE_ONLY___  
2021-02-10 14:39:12,856 INFO     ___FILE_ONLY___ │
2021-02-10 14:39:12,856 INFO     ___FILE_ONLY___ 

2021-02-10 14:39:12,856 INFO     ___FILE_ONLY___ │ 
2021-02-10 14:39:12,856 INFO     ___FILE_ONLY___ BigQuery Command Line Tool (Platform Specific)     
2021-02-10 14:39:12,856 INFO     ___FILE_ONLY___  
2021-02-10 14:39:12,856 INFO     ___FILE_ONLY___ │ 
2021-02-10 14:39:12,856 INFO     ___FILE_ONLY___     2.0.64
2021-02-10 14:39:12,857 INFO     ___FILE_ONLY___  
2021-02-10 14:39:12,857 INFO     ___FILE_ONLY___ │ 
2021-02-10 14:39:12,857 INFO     ___FILE_ONLY___  < 1 MiB
2021-02-10 14:39:12,857 INFO     ___FILE_ONLY___  
2021-02-10 14:39:12,857 INFO     ___FILE_ONLY___ │
2021-02-10 14:39:12,857 INFO     ___FILE_ONLY___ 

2021-02-10 14:39:12,857 INFO     ___FILE_ONLY___ │ 
2021-02-10 14:39:12,857 INFO     ___FILE_ONLY___ Cloud SDK Core Libraries (Platform Specific)       
2021-02-10 14:39:12,857 INFO     ___FILE_ONLY___  
2021-02-10 14:39:12,857 INFO     ___FILE_ONLY___ │ 
2021-02-10 14:39:12,857 INFO     ___FILE_ONLY___ 2021.02.05
2021-02-10 14:39:12,857 INFO     ___FILE_ONLY___  
2021-02-10 14:39:12,857 INFO     ___FILE_ONLY___ │ 
2021-02-10 14:39:12,858 INFO     ___FILE_ONLY___  < 1 MiB
2021-02-10 14:39:12,858 INFO     ___FILE_ONLY___  
2021-02-10 14:39:12,858 INFO     ___FILE_ONLY___ │
2021-02-10 14:39:12,858 INFO     ___FILE_ONLY___ 

2021-02-10 14:39:12,858 INFO     ___FILE_ONLY___ │ 
2021-02-10 14:39:12,858 INFO     ___FILE_ONLY___ Cloud Storage Command Line Tool                    
2021-02-10 14:39:12,858 INFO     ___FILE_ONLY___  
2021-02-10 14:39:12,858 INFO     ___FILE_ONLY___ │ 
2021-02-10 14:39:12,858 INFO     ___FILE_ONLY___       4.58
2021-02-10 14:39:12,858 INFO     ___FILE_ONLY___  
2021-02-10 14:39:12,858 INFO     ___FILE_ONLY___ │ 
2021-02-10 14:39:12,858 INFO     ___FILE_ONLY___  3.9 MiB
2021-02-10 14:39:12,858 INFO     ___FILE_ONLY___  
2021-02-10 14:39:12,858 INFO     ___FILE_ONLY___ │
2021-02-10 14:39:12,858 INFO     ___FILE_ONLY___ 

2021-02-10 14:39:12,858 INFO     ___FILE_ONLY___ │ 
2021-02-10 14:39:12,859 INFO     ___FILE_ONLY___ Cloud Storage Command Line Tool (Platform Specific)
2021-02-10 14:39:12,859 INFO     ___FILE_ONLY___  
2021-02-10 14:39:12,859 INFO     ___FILE_ONLY___ │ 
2021-02-10 14:39:12,859 INFO     ___FILE_ONLY___       4.58
2021-02-10 14:39:12,859 INFO     ___FILE_ONLY___  
2021-02-10 14:39:12,859 INFO     ___FILE_ONLY___ │ 
2021-02-10 14:39:12,859 INFO     ___FILE_ONLY___  < 1 MiB
2021-02-10 14:39:12,859 INFO     ___FILE_ONLY___  
2021-02-10 14:39:12,859 INFO     ___FILE_ONLY___ │
2021-02-10 14:39:12,859 INFO     ___FILE_ONLY___ 

2021-02-10 14:39:12,859 INFO     ___FILE_ONLY___ │ 
2021-02-10 14:39:12,859 INFO     ___FILE_ONLY___ Kuberun                                            
2021-02-10 14:39:12,859 INFO     ___FILE_ONLY___  
2021-02-10 14:39:12,859 INFO     ___FILE_ONLY___ │ 
2021-02-10 14:39:12,860 INFO     ___FILE_ONLY___      0.0.4
2021-02-10 14:39:12,860 INFO     ___FILE_ONLY___  
2021-02-10 14:39:12,860 INFO     ___FILE_ONLY___ │ 
2021-02-10 14:39:12,860 INFO     ___FILE_ONLY___ 22.3 MiB
2021-02-10 14:39:12,860 INFO     ___FILE_ONLY___  
2021-02-10 14:39:12,860 INFO     ___FILE_ONLY___ │
2021-02-10 14:39:12,860 INFO     ___FILE_ONLY___ 

2021-02-10 14:39:12,860 INFO     ___FILE_ONLY___ │ 
2021-02-10 14:39:12,860 INFO     ___FILE_ONLY___ anthoscli                                          
2021-02-10 14:39:12,860 INFO     ___FILE_ONLY___  
2021-02-10 14:39:12,860 INFO     ___FILE_ONLY___ │ 
2021-02-10 14:39:12,860 INFO     ___FILE_ONLY___      0.2.7
2021-02-10 14:39:12,860 INFO     ___FILE_ONLY___  
2021-02-10 14:39:12,860 INFO     ___FILE_ONLY___ │ 
2021-02-10 14:39:12,861 INFO     ___FILE_ONLY___ 51.7 MiB
2021-02-10 14:39:12,861 INFO     ___FILE_ONLY___  
2021-02-10 14:39:12,861 INFO     ___FILE_ONLY___ │
2021-02-10 14:39:12,861 INFO     ___FILE_ONLY___ 

2021-02-10 14:39:12,861 INFO     ___FILE_ONLY___ │ 
2021-02-10 14:39:12,861 INFO     ___FILE_ONLY___ gcloud cli dependencies                            
2021-02-10 14:39:12,861 INFO     ___FILE_ONLY___  
2021-02-10 14:39:12,861 INFO     ___FILE_ONLY___ │ 
2021-02-10 14:39:12,861 INFO     ___FILE_ONLY___ 2020.06.12
2021-02-10 14:39:12,861 INFO     ___FILE_ONLY___  
2021-02-10 14:39:12,861 INFO     ___FILE_ONLY___ │ 
2021-02-10 14:39:12,861 INFO     ___FILE_ONLY___  < 1 MiB
2021-02-10 14:39:12,861 INFO     ___FILE_ONLY___  
2021-02-10 14:39:12,861 INFO     ___FILE_ONLY___ │
2021-02-10 14:39:12,862 INFO     ___FILE_ONLY___ 

2021-02-10 14:39:12,862 INFO     ___FILE_ONLY___ └─────────────────────────────────────────────────────┴────────────┴──────────┘
2021-02-10 14:39:12,862 INFO     ___FILE_ONLY___ 

2021-02-10 14:39:12,862 INFO     ___FILE_ONLY___ 

2021-02-10 14:39:12,896 INFO     ___FILE_ONLY___ For the latest full release notes, please visit:
  https://cloud.google.com/sdk/release_notes


2021-02-10 14:39:12,901 INFO     ___FILE_ONLY___ ╔════════════════════════════════════════════════════════════╗

2021-02-10 14:39:12,901 INFO     ___FILE_ONLY___ ╠═ Creating update staging area                             ═╣

2021-02-10 14:39:12,902 INFO     ___FILE_ONLY___ ╚
2021-02-10 14:39:12,902 INFO     ___FILE_ONLY___ ══════
2021-02-10 14:39:12,902 INFO     ___FILE_ONLY___ ══════
2021-02-10 14:39:12,902 INFO     ___FILE_ONLY___ ══════
2021-02-10 14:39:13,104 INFO     ___FILE_ONLY___ ═
2021-02-10 14:39:13,141 INFO     ___FILE_ONLY___ ═
2021-02-10 14:39:13,182 INFO     ___FILE_ONLY___ ═
2021-02-10 14:39:13,220 INFO     ___FILE_ONLY___ ═
2021-02-10 14:39:13,257 INFO     ___FILE_ONLY___ ═
2021-02-10 14:39:13,295 INFO     ___FILE_ONLY___ ═
2021-02-10 14:39:13,334 INFO     ___FILE_ONLY___ ═
2021-02-10 14:39:13,375 INFO     ___FILE_ONLY___ ═
2021-02-10 14:39:13,427 INFO     ___FILE_ONLY___ ═
2021-02-10 14:39:13,460 INFO     ___FILE_ONLY___ ═
2021-02-10 14:39:13,504 INFO     ___FILE_ONLY___ ═
2021-02-10 14:39:13,557 INFO     ___FILE_ONLY___ ═
2021-02-10 14:39:13,601 INFO     ___FILE_ONLY___ ═
2021-02-10 14:39:13,750 INFO     ___FILE_ONLY___ ═
2021-02-10 14:39:13,810 INFO     ___FILE_ONLY___ ═
2021-02-10 14:39:13,842 INFO     ___FILE_ONLY___ ═
2021-02-10 14:39:13,863 INFO     ___FILE_ONLY___ ═
2021-02-10 14:39:13,884 INFO     ___FILE_ONLY___ ═
2021-02-10 14:39:13,904 INFO     ___FILE_ONLY___ ═
2021-02-10 14:39:13,926 INFO     ___FILE_ONLY___ ═
2021-02-10 14:39:13,948 INFO     ___FILE_ONLY___ ═
2021-02-10 14:39:13,970 INFO     ___FILE_ONLY___ ═
2021-02-10 14:39:13,997 INFO     ___FILE_ONLY___ ═
2021-02-10 14:39:14,043 INFO     ___FILE_ONLY___ ═
2021-02-10 14:39:14,074 INFO     ___FILE_ONLY___ ═
2021-02-10 14:39:14,146 INFO     ___FILE_ONLY___ ═
2021-02-10 14:39:14,203 INFO     ___FILE_ONLY___ ═
2021-02-10 14:39:14,314 INFO     ___FILE_ONLY___ ═
2021-02-10 14:39:14,411 INFO     ___FILE_ONLY___ ═
2021-02-10 14:39:14,448 INFO     ___FILE_ONLY___ ═
2021-02-10 14:39:14,485 INFO     ___FILE_ONLY___ ═
2021-02-10 14:39:14,529 INFO     ___FILE_ONLY___ ═
2021-02-10 14:39:14,570 INFO     ___FILE_ONLY___ ═
2021-02-10 14:39:14,616 INFO     ___FILE_ONLY___ ═
2021-02-10 14:39:14,658 INFO     ___FILE_ONLY___ ═
2021-02-10 14:39:14,700 INFO     ___FILE_ONLY___ ═
2021-02-10 14:39:14,754 INFO     ___FILE_ONLY___ ═
2021-02-10 14:39:14,814 INFO     ___FILE_ONLY___ ═
2021-02-10 14:39:14,856 INFO     ___FILE_ONLY___ ═
2021-02-10 14:39:14,895 INFO     ___FILE_ONLY___ ═
2021-02-10 14:39:14,930 INFO     ___FILE_ONLY___ ═
2021-02-10 14:39:14,986 INFO     ___FILE_ONLY___ ═
2021-02-10 14:39:14,986 INFO     ___FILE_ONLY___ ╝

2021-02-10 14:39:15,040 INFO     ___FILE_ONLY___ ╔════════════════════════════════════════════════════════════╗

2021-02-10 14:39:15,040 INFO     ___FILE_ONLY___ ╠═ Installing: BigQuery Command Line Tool                   ═╣

2021-02-10 14:39:15,041 INFO     ___FILE_ONLY___ ╚
2021-02-10 14:39:15,071 INFO     ___FILE_ONLY___ ═
2021-02-10 14:39:15,071 INFO     ___FILE_ONLY___ ═
2021-02-10 14:39:15,072 INFO     ___FILE_ONLY___ ═
2021-02-10 14:39:15,072 INFO     ___FILE_ONLY___ ═
2021-02-10 14:39:15,073 INFO     ___FILE_ONLY___ ═
2021-02-10 14:39:15,074 INFO     ___FILE_ONLY___ ═
2021-02-10 14:39:15,074 INFO     ___FILE_ONLY___ ═
2021-02-10 14:39:15,075 INFO     ___FILE_ONLY___ ═
2021-02-10 14:39:15,075 INFO     ___FILE_ONLY___ ═
2021-02-10 14:39:15,076 INFO     ___FILE_ONLY___ ═
2021-02-10 14:39:15,076 INFO     ___FILE_ONLY___ ═
2021-02-10 14:39:15,076 INFO     ___FILE_ONLY___ ═
2021-02-10 14:39:15,077 INFO     ___FILE_ONLY___ ═
2021-02-10 14:39:15,077 INFO     ___FILE_ONLY___ ═
2021-02-10 14:39:15,078 INFO     ___FILE_ONLY___ ═
2021-02-10 14:39:15,078 INFO     ___FILE_ONLY___ ═
2021-02-10 14:39:15,079 INFO     ___FILE_ONLY___ ═
2021-02-10 14:39:15,079 INFO     ___FILE_ONLY___ ═
2021-02-10 14:39:15,080 INFO     ___FILE_ONLY___ ═
2021-02-10 14:39:15,080 INFO     ___FILE_ONLY___ ═
2021-02-10 14:39:15,081 INFO     ___FILE_ONLY___ ═
2021-02-10 14:39:15,081 INFO     ___FILE_ONLY___ ═
2021-02-10 14:39:15,081 INFO     ___FILE_ONLY___ ═
2021-02-10 14:39:15,082 INFO     ___FILE_ONLY___ ═
2021-02-10 14:39:15,082 INFO     ___FILE_ONLY___ ═
2021-02-10 14:39:15,082 INFO     ___FILE_ONLY___ ═
2021-02-10 14:39:15,083 INFO     ___FILE_ONLY___ ═
2021-02-10 14:39:15,083 INFO     ___FILE_ONLY___ ═
2021-02-10 14:39:15,084 INFO     ___FILE_ONLY___ ═
2021-02-10 14:39:15,085 INFO     ___FILE_ONLY___ ═
2021-02-10 14:39:15,135 INFO     ___FILE_ONLY___ ═
2021-02-10 14:39:15,143 INFO     ___FILE_ONLY___ ═
2021-02-10 14:39:15,146 INFO     ___FILE_ONLY___ ═
2021-02-10 14:39:15,149 INFO     ___FILE_ONLY___ ═
2021-02-10 14:39:15,151 INFO     ___FILE_ONLY___ ═
2021-02-10 14:39:15,154 INFO     ___FILE_ONLY___ ═
2021-02-10 14:39:15,157 INFO     ___FILE_ONLY___ ═
2021-02-10 14:39:15,159 INFO     ___FILE_ONLY___ ═
2021-02-10 14:39:15,161 INFO     ___FILE_ONLY___ ═
2021-02-10 14:39:15,164 INFO     ___FILE_ONLY___ ═
2021-02-10 14:39:15,170 INFO     ___FILE_ONLY___ ═
2021-02-10 14:39:15,172 INFO     ___FILE_ONLY___ ═
2021-02-10 14:39:15,175 INFO     ___FILE_ONLY___ ═
2021-02-10 14:39:15,177 INFO     ___FILE_ONLY___ ═
2021-02-10 14:39:15,179 INFO     ___FILE_ONLY___ ═
2021-02-10 14:39:15,181 INFO     ___FILE_ONLY___ ═
2021-02-10 14:39:15,183 INFO     ___FILE_ONLY___ ═
2021-02-10 14:39:15,186 INFO     ___FILE_ONLY___ ═
2021-02-10 14:39:15,188 INFO     ___FILE_ONLY___ ═
2021-02-10 14:39:15,190 INFO     ___FILE_ONLY___ ═
2021-02-10 14:39:15,193 INFO     ___FILE_ONLY___ ═
2021-02-10 14:39:15,195 INFO     ___FILE_ONLY___ ═
2021-02-10 14:39:15,197 INFO     ___FILE_ONLY___ ═
2021-02-10 14:39:15,200 INFO     ___FILE_ONLY___ ═
2021-02-10 14:39:15,202 INFO     ___FILE_ONLY___ ═
2021-02-10 14:39:15,204 INFO     ___FILE_ONLY___ ═
2021-02-10 14:39:15,207 INFO     ___FILE_ONLY___ ═
2021-02-10 14:39:15,209 INFO     ___FILE_ONLY___ ═
2021-02-10 14:39:15,211 INFO     ___FILE_ONLY___ ═
2021-02-10 14:39:15,214 INFO     ___FILE_ONLY___ ═
2021-02-10 14:39:15,214 INFO     ___FILE_ONLY___ ╝

2021-02-10 14:39:15,227 INFO     ___FILE_ONLY___ ╔════════════════════════════════════════════════════════════╗

2021-02-10 14:39:15,227 INFO     ___FILE_ONLY___ ╠═ Installing: BigQuery Command Line Tool (Platform Spec... ═╣

2021-02-10 14:39:15,228 INFO     ___FILE_ONLY___ ╚
2021-02-10 14:39:15,253 INFO     ___FILE_ONLY___ ══════════════════════════════
2021-02-10 14:39:15,254 INFO     ___FILE_ONLY___ ══════════════════════════════
2021-02-10 14:39:15,254 INFO     ___FILE_ONLY___ ╝

2021-02-10 14:39:15,263 INFO     ___FILE_ONLY___ ╔════════════════════════════════════════════════════════════╗

2021-02-10 14:39:15,263 INFO     ___FILE_ONLY___ ╠═ Installing: Cloud SDK Core Libraries (Platform Specific) ═╣

2021-02-10 14:39:15,263 INFO     ___FILE_ONLY___ ╚
2021-02-10 14:39:15,289 INFO     ___FILE_ONLY___ ══════════════════════════════
2021-02-10 14:39:15,290 INFO     ___FILE_ONLY___ ═══════════════
2021-02-10 14:39:15,291 INFO     ___FILE_ONLY___ ═══════════════
2021-02-10 14:39:15,291 INFO     ___FILE_ONLY___ ╝

2021-02-10 14:39:15,300 INFO     ___FILE_ONLY___ ╔════════════════════════════════════════════════════════════╗

2021-02-10 14:39:15,300 INFO     ___FILE_ONLY___ ╠═ Installing: Cloud Storage Command Line Tool              ═╣

2021-02-10 14:39:15,300 INFO     ___FILE_ONLY___ ╚
2021-02-10 14:39:15,329 INFO     ___FILE_ONLY___ ═
2021-02-10 14:39:15,331 INFO     ___FILE_ONLY___ ═
2021-02-10 14:39:15,332 INFO     ___FILE_ONLY___ ═
2021-02-10 14:39:15,334 INFO     ___FILE_ONLY___ ═
2021-02-10 14:39:15,336 INFO     ___FILE_ONLY___ ═
2021-02-10 14:39:15,337 INFO     ___FILE_ONLY___ ═
2021-02-10 14:39:15,339 INFO     ___FILE_ONLY___ ═
2021-02-10 14:39:15,340 INFO     ___FILE_ONLY___ ═
2021-02-10 14:39:15,340 INFO     ___FILE_ONLY___ ═
2021-02-10 14:39:15,341 INFO     ___FILE_ONLY___ ═
2021-02-10 14:39:15,342 INFO     ___FILE_ONLY___ ═
2021-02-10 14:39:15,342 INFO     ___FILE_ONLY___ ═
2021-02-10 14:39:15,343 INFO     ___FILE_ONLY___ ═
2021-02-10 14:39:15,344 INFO     ___FILE_ONLY___ ═
2021-02-10 14:39:15,344 INFO     ___FILE_ONLY___ ═
2021-02-10 14:39:15,345 INFO     ___FILE_ONLY___ ═
2021-02-10 14:39:15,346 INFO     ___FILE_ONLY___ ═
2021-02-10 14:39:15,347 INFO     ___FILE_ONLY___ ═
2021-02-10 14:39:15,347 INFO     ___FILE_ONLY___ ═
2021-02-10 14:39:15,348 INFO     ___FILE_ONLY___ ═
2021-02-10 14:39:15,349 INFO     ___FILE_ONLY___ ═
2021-02-10 14:39:15,349 INFO     ___FILE_ONLY___ ═
2021-02-10 14:39:15,350 INFO     ___FILE_ONLY___ ═
2021-02-10 14:39:15,351 INFO     ___FILE_ONLY___ ═
2021-02-10 14:39:15,351 INFO     ___FILE_ONLY___ ═
2021-02-10 14:39:15,352 INFO     ___FILE_ONLY___ ═
2021-02-10 14:39:15,352 INFO     ___FILE_ONLY___ ═
2021-02-10 14:39:15,353 INFO     ___FILE_ONLY___ ═
2021-02-10 14:39:15,353 INFO     ___FILE_ONLY___ ═
2021-02-10 14:39:15,355 INFO     ___FILE_ONLY___ ═
2021-02-10 14:39:15,604 INFO     ___FILE_ONLY___ ═
2021-02-10 14:39:15,625 INFO     ___FILE_ONLY___ ═
2021-02-10 14:39:15,638 INFO     ___FILE_ONLY___ ═
2021-02-10 14:39:15,655 INFO     ___FILE_ONLY___ ═
2021-02-10 14:39:15,669 INFO     ___FILE_ONLY___ ═
2021-02-10 14:39:15,683 INFO     ___FILE_ONLY___ ═
2021-02-10 14:39:15,694 INFO     ___FILE_ONLY___ ═
2021-02-10 14:39:15,707 INFO     ___FILE_ONLY___ ═
2021-02-10 14:39:15,718 INFO     ___FILE_ONLY___ ═
2021-02-10 14:39:15,732 INFO     ___FILE_ONLY___ ═
2021-02-10 14:39:15,744 INFO     ___FILE_ONLY___ ═
2021-02-10 14:39:15,759 INFO     ___FILE_ONLY___ ═
2021-02-10 14:39:15,778 INFO     ___FILE_ONLY___ ═
2021-02-10 14:39:15,800 INFO     ___FILE_ONLY___ ═
2021-02-10 14:39:15,814 INFO     ___FILE_ONLY___ ═
2021-02-10 14:39:15,832 INFO     ___FILE_ONLY___ ═
2021-02-10 14:39:15,847 INFO     ___FILE_ONLY___ ═
2021-02-10 14:39:15,868 INFO     ___FILE_ONLY___ ═
2021-02-10 14:39:15,887 INFO     ___FILE_ONLY___ ═
2021-02-10 14:39:15,903 INFO     ___FILE_ONLY___ ═
2021-02-10 14:39:15,917 INFO     ___FILE_ONLY___ ═
2021-02-10 14:39:15,930 INFO     ___FILE_ONLY___ ═
2021-02-10 14:39:15,943 INFO     ___FILE_ONLY___ ═
2021-02-10 14:39:15,957 INFO     ___FILE_ONLY___ ═
2021-02-10 14:39:15,970 INFO     ___FILE_ONLY___ ═
2021-02-10 14:39:15,983 INFO     ___FILE_ONLY___ ═
2021-02-10 14:39:15,995 INFO     ___FILE_ONLY___ ═
2021-02-10 14:39:16,007 INFO     ___FILE_ONLY___ ═
2021-02-10 14:39:16,028 INFO     ___FILE_ONLY___ ═
2021-02-10 14:39:16,052 INFO     ___FILE_ONLY___ ═
2021-02-10 14:39:16,052 INFO     ___FILE_ONLY___ ╝

2021-02-10 14:39:16,100 INFO     ___FILE_ONLY___ ╔════════════════════════════════════════════════════════════╗

2021-02-10 14:39:16,101 INFO     ___FILE_ONLY___ ╠═ Installing: Cloud Storage Command Line Tool (Platform... ═╣

2021-02-10 14:39:16,101 INFO     ___FILE_ONLY___ ╚
2021-02-10 14:39:16,130 INFO     ___FILE_ONLY___ ══════════════════════════════
2021-02-10 14:39:16,131 INFO     ___FILE_ONLY___ ══════════════════════════════
2021-02-10 14:39:16,131 INFO     ___FILE_ONLY___ ╝

2021-02-10 14:39:16,140 INFO     ___FILE_ONLY___ ╔════════════════════════════════════════════════════════════╗

2021-02-10 14:39:16,140 INFO     ___FILE_ONLY___ ╠═ Installing: Default set of gcloud commands               ═╣

2021-02-10 14:39:16,140 INFO     ___FILE_ONLY___ ╚
2021-02-10 14:39:16,145 INFO     ___FILE_ONLY___ ════════════════════════════════════════════════════════════
2021-02-10 14:39:16,145 INFO     ___FILE_ONLY___ ╝

2021-02-10 14:39:16,149 INFO     ___FILE_ONLY___ ╔════════════════════════════════════════════════════════════╗

2021-02-10 14:39:16,150 INFO     ___FILE_ONLY___ ╠═ Installing: Kuberun                                      ═╣

2021-02-10 14:39:16,150 INFO     ___FILE_ONLY___ ╚
2021-02-10 14:39:16,154 INFO     ___FILE_ONLY___ ════════════════════════════════════════════════════════════
2021-02-10 14:39:16,155 INFO     ___FILE_ONLY___ ╝

2021-02-10 14:39:16,159 INFO     ___FILE_ONLY___ ╔════════════════════════════════════════════════════════════╗

2021-02-10 14:39:16,159 INFO     ___FILE_ONLY___ ╠═ Installing: Kuberun                                      ═╣

2021-02-10 14:39:16,159 INFO     ___FILE_ONLY___ ╚
2021-02-10 14:39:16,195 INFO     ___FILE_ONLY___ ═
2021-02-10 14:39:16,202 INFO     ___FILE_ONLY___ ═
2021-02-10 14:39:16,209 INFO     ___FILE_ONLY___ ═
2021-02-10 14:39:16,212 INFO     ___FILE_ONLY___ ═
2021-02-10 14:39:16,215 INFO     ___FILE_ONLY___ ═
2021-02-10 14:39:16,219 INFO     ___FILE_ONLY___ ═
2021-02-10 14:39:16,222 INFO     ___FILE_ONLY___ ═
2021-02-10 14:39:16,225 INFO     ___FILE_ONLY___ ═
2021-02-10 14:39:16,229 INFO     ___FILE_ONLY___ ═
2021-02-10 14:39:16,232 INFO     ___FILE_ONLY___ ═
2021-02-10 14:39:16,235 INFO     ___FILE_ONLY___ ═
2021-02-10 14:39:16,238 INFO     ___FILE_ONLY___ ═
2021-02-10 14:39:16,242 INFO     ___FILE_ONLY___ ═
2021-02-10 14:39:16,245 INFO     ___FILE_ONLY___ ═
2021-02-10 14:39:16,248 INFO     ___FILE_ONLY___ ═
2021-02-10 14:39:16,251 INFO     ___FILE_ONLY___ ═
2021-02-10 14:39:16,255 INFO     ___FILE_ONLY___ ═
2021-02-10 14:39:16,258 INFO     ___FILE_ONLY___ ═
2021-02-10 14:39:16,261 INFO     ___FILE_ONLY___ ═
2021-02-10 14:39:16,264 INFO     ___FILE_ONLY___ ═
2021-02-10 14:39:16,267 INFO     ___FILE_ONLY___ ═
2021-02-10 14:39:16,271 INFO     ___FILE_ONLY___ ═
2021-02-10 14:39:16,274 INFO     ___FILE_ONLY___ ═
2021-02-10 14:39:16,277 INFO     ___FILE_ONLY___ ═
2021-02-10 14:39:16,280 INFO     ___FILE_ONLY___ ═
2021-02-10 14:39:16,284 INFO     ___FILE_ONLY___ ═
2021-02-10 14:39:16,287 INFO     ___FILE_ONLY___ ═
2021-02-10 14:39:16,290 INFO     ___FILE_ONLY___ ═
2021-02-10 14:39:16,292 INFO     ___FILE_ONLY___ ═
2021-02-10 14:39:16,296 INFO     ___FILE_ONLY___ ═
2021-02-10 14:39:17,156 INFO     ___FILE_ONLY___ ═
2021-02-10 14:39:17,156 INFO     ___FILE_ONLY___ ═
2021-02-10 14:39:17,157 INFO     ___FILE_ONLY___ ═
2021-02-10 14:39:17,157 INFO     ___FILE_ONLY___ ═
2021-02-10 14:39:17,158 INFO     ___FILE_ONLY___ ═
2021-02-10 14:39:17,158 INFO     ___FILE_ONLY___ ═
2021-02-10 14:39:17,159 INFO     ___FILE_ONLY___ ═
2021-02-10 14:39:17,159 INFO     ___FILE_ONLY___ ═
2021-02-10 14:39:17,160 INFO     ___FILE_ONLY___ ═
2021-02-10 14:39:17,160 INFO     ___FILE_ONLY___ ═
2021-02-10 14:39:17,160 INFO     ___FILE_ONLY___ ═
2021-02-10 14:39:17,161 INFO     ___FILE_ONLY___ ═
2021-02-10 14:39:17,161 INFO     ___FILE_ONLY___ ═
2021-02-10 14:39:17,162 INFO     ___FILE_ONLY___ ═
2021-02-10 14:39:17,162 INFO     ___FILE_ONLY___ ═
2021-02-10 14:39:17,162 INFO     ___FILE_ONLY___ ═
2021-02-10 14:39:17,163 INFO     ___FILE_ONLY___ ═
2021-02-10 14:39:17,163 INFO     ___FILE_ONLY___ ═
2021-02-10 14:39:17,164 INFO     ___FILE_ONLY___ ═
2021-02-10 14:39:17,164 INFO     ___FILE_ONLY___ ═
2021-02-10 14:39:17,164 INFO     ___FILE_ONLY___ ═
2021-02-10 14:39:17,165 INFO     ___FILE_ONLY___ ═
2021-02-10 14:39:17,165 INFO     ___FILE_ONLY___ ═
2021-02-10 14:39:17,166 INFO     ___FILE_ONLY___ ═
2021-02-10 14:39:17,166 INFO     ___FILE_ONLY___ ═
2021-02-10 14:39:17,167 INFO     ___FILE_ONLY___ ═
2021-02-10 14:39:17,167 INFO     ___FILE_ONLY___ ═
2021-02-10 14:39:17,168 INFO     ___FILE_ONLY___ ═
2021-02-10 14:39:17,168 INFO     ___FILE_ONLY___ ═
2021-02-10 14:39:17,169 INFO     ___FILE_ONLY___ ═
2021-02-10 14:39:17,170 INFO     ___FILE_ONLY___ ╝

2021-02-10 14:39:17,183 INFO     ___FILE_ONLY___ ╔════════════════════════════════════════════════════════════╗

2021-02-10 14:39:17,183 INFO     ___FILE_ONLY___ ╠═ Installing: anthoscli                                    ═╣

2021-02-10 14:39:17,183 INFO     ___FILE_ONLY___ ╚
2021-02-10 14:39:17,188 INFO     ___FILE_ONLY___ ════════════════════════════════════════════════════════════
2021-02-10 14:39:17,188 INFO     ___FILE_ONLY___ ╝

2021-02-10 14:39:17,192 INFO     ___FILE_ONLY___ ╔════════════════════════════════════════════════════════════╗

2021-02-10 14:39:17,193 INFO     ___FILE_ONLY___ ╠═ Installing: anthoscli                                    ═╣

2021-02-10 14:39:17,193 INFO     ___FILE_ONLY___ ╚
2021-02-10 14:39:17,234 INFO     ___FILE_ONLY___ ═
2021-02-10 14:39:17,243 INFO     ___FILE_ONLY___ ═
2021-02-10 14:39:17,251 INFO     ___FILE_ONLY___ ═
2021-02-10 14:39:17,258 INFO     ___FILE_ONLY___ ═
2021-02-10 14:39:17,265 INFO     ___FILE_ONLY___ ═
2021-02-10 14:39:17,273 INFO     ___FILE_ONLY___ ═
2021-02-10 14:39:17,280 INFO     ___FILE_ONLY___ ═
2021-02-10 14:39:17,287 INFO     ___FILE_ONLY___ ═
2021-02-10 14:39:17,295 INFO     ___FILE_ONLY___ ═
2021-02-10 14:39:17,302 INFO     ___FILE_ONLY___ ═
2021-02-10 14:39:17,310 INFO     ___FILE_ONLY___ ═
2021-02-10 14:39:17,317 INFO     ___FILE_ONLY___ ═
2021-02-10 14:39:17,325 INFO     ___FILE_ONLY___ ═
2021-02-10 14:39:17,332 INFO     ___FILE_ONLY___ ═
2021-02-10 14:39:17,339 INFO     ___FILE_ONLY___ ═
2021-02-10 14:39:17,347 INFO     ___FILE_ONLY___ ═
2021-02-10 14:39:17,354 INFO     ___FILE_ONLY___ ═
2021-02-10 14:39:17,361 INFO     ___FILE_ONLY___ ═
2021-02-10 14:39:17,369 INFO     ___FILE_ONLY___ ═
2021-02-10 14:39:17,376 INFO     ___FILE_ONLY___ ═
2021-02-10 14:39:17,384 INFO     ___FILE_ONLY___ ═
2021-02-10 14:39:17,391 INFO     ___FILE_ONLY___ ═
2021-02-10 14:39:17,399 INFO     ___FILE_ONLY___ ═
2021-02-10 14:39:17,406 INFO     ___FILE_ONLY___ ═
2021-02-10 14:39:17,413 INFO     ___FILE_ONLY___ ═
2021-02-10 14:39:17,421 INFO     ___FILE_ONLY___ ═
2021-02-10 14:39:17,428 INFO     ___FILE_ONLY___ ═
2021-02-10 14:39:17,435 INFO     ___FILE_ONLY___ ═
2021-02-10 14:39:17,443 INFO     ___FILE_ONLY___ ═
2021-02-10 14:39:17,451 INFO     ___FILE_ONLY___ ═
2021-02-10 14:39:19,365 INFO     ___FILE_ONLY___ ══════════
2021-02-10 14:39:19,370 INFO     ___FILE_ONLY___ ═════════
2021-02-10 14:39:19,392 INFO     ___FILE_ONLY___ ═══════════
2021-02-10 14:39:19,392 INFO     ___FILE_ONLY___ ╝

2021-02-10 14:39:19,409 INFO     ___FILE_ONLY___ ╔════════════════════════════════════════════════════════════╗

2021-02-10 14:39:19,410 INFO     ___FILE_ONLY___ ╠═ Installing: gcloud cli dependencies                      ═╣

2021-02-10 14:39:19,410 INFO     ___FILE_ONLY___ ╚
2021-02-10 14:39:19,438 INFO     ___FILE_ONLY___ ══════════════════════════════
2021-02-10 14:39:19,439 INFO     ___FILE_ONLY___ ══════
2021-02-10 14:39:19,440 INFO     ___FILE_ONLY___ ══════
2021-02-10 14:39:19,440 INFO     ___FILE_ONLY___ ══════
2021-02-10 14:39:19,440 INFO     ___FILE_ONLY___ ══════
2021-02-10 14:39:19,440 INFO     ___FILE_ONLY___ ══════
2021-02-10 14:39:19,441 INFO     ___FILE_ONLY___ ╝

2021-02-10 14:39:19,449 INFO     ___FILE_ONLY___ ╔════════════════════════════════════════════════════════════╗

2021-02-10 14:39:19,450 INFO     ___FILE_ONLY___ ╠═ Creating backup and activating new installation          ═╣

2021-02-10 14:39:19,450 INFO     ___FILE_ONLY___ ╚
2021-02-10 14:39:19,450 DEBUG    root            Attempting to move directory [/tools/google-cloud-sdk] to [/tools/google-cloud-sdk.staging/.install/.backup]
2021-02-10 14:39:19,450 INFO     ___FILE_ONLY___ ══════════════════════════════
2021-02-10 14:39:19,450 DEBUG    root            Attempting to move directory [/tools/google-cloud-sdk.staging] to [/tools/google-cloud-sdk]
2021-02-10 14:39:19,450 INFO     ___FILE_ONLY___ ══════════════════════════════
2021-02-10 14:39:19,450 INFO     ___FILE_ONLY___ ╝

2021-02-10 14:39:19,455 DEBUG    root            Updating notification cache...
2021-02-10 14:39:19,455 INFO     ___FILE_ONLY___ 

2021-02-10 14:39:19,459 INFO     ___FILE_ONLY___ Performing post processing steps...
2021-02-10 14:39:19,460 DEBUG    root            Executing command: ['python3', '-S', '/tools/google-cloud-sdk/lib/gcloud.py', 'components', 'post-process']
2021-02-10 14:39:33,916 DEBUG    ___FILE_ONLY___ 
2021-02-10 14:39:33,917 DEBUG    ___FILE_ONLY___ 
2021-02-10 14:39:33,982 INFO     ___FILE_ONLY___ 
Update done!


2021-02-10 14:39:33,987 INFO     root            Display format: "none"
